<?xml version="1.0" encoding="utf-8" standalone="no"?>
<test-run id="2" testcasecount="0" result="Failed" label="Invalid" total="0" passed="0" failed="0" inconclusive="0" skipped="0" asserts="0" engine-version="3.8.0.0" clr-version="4.0.30319.42000" start-time="2018-02-09 07:09:53Z" end-time="2018-02-09 07:09:53Z" duration="0.523259">
  <command-line><![CDATA[nunit3-console.exe  "Calculator\bin\Debug\Calculator.dll"]]></command-line>
  <test-suite type="Assembly" id="0-1" name="Calculator.dll" fullname="C:\data\visual\Calculator\packages\NUnit.ConsoleRunner.3.8.0\tools\Calculator\bin\Debug\Calculator.dll" testcasecount="0" runstate="NotRunnable" result="Failed" label="Invalid">
    <properties>
      <property name="_SKIPREASON" value="File not found: C:\data\visual\Calculator\packages\NUnit.ConsoleRunner.3.8.0\tools\Calculator\bin\Debug\Calculator.dll" />
    </properties>
    <reason>
      <message>File not found: C:\data\visual\Calculator\packages\NUnit.ConsoleRunner.3.8.0\tools\Calculator\bin\Debug\Calculator.dll</message>
    </reason>
  </test-suite>
</test-run>